<?xml version="1.0" encoding="UTF-8"?>
<!-- Generated by org.testng.reporters.JUnitXMLReporter -->
<testsuite hostname="AINH8CG7130CHN" name="Test" tests="3" failures="0" timestamp="10 Feb 2021 11:17:21 GMT" time="4.903" errors="0">
  <testcase name="@BeforeMethod initializeDrivers" time="0.0" classname="ocs_TestCase.TC01_OCS_Search">
    <failure type="org.openqa.selenium.SessionNotCreatedException" message="session not created: This version of ChromeDriver only supports Chrome version 84
Build info: version: &amp;apos;3.141.59&amp;apos;, revision: &amp;apos;e82be7d358&amp;apos;, time: &amp;apos;2018-11-14T08:17:03&amp;apos;
System info: host: &amp;apos;AINH8CG7130CHN&amp;apos;, ip: &amp;apos;192.168.1.9&amp;apos;, os.name: &amp;apos;Windows 7&amp;apos;, os.arch: &amp;apos;amd64&amp;apos;, os.version: &amp;apos;6.1&amp;apos;, java.version: &amp;apos;1.8.0_251&amp;apos;
Driver info: driver.version: ChromeDriver
remote stacktrace: Backtrace:
	Ordinal0 [0x00B487E3+2852835]
	Ordinal0 [0x00A35BB1+1727409]
	Ordinal0 [0x0090E4B9+517305]
	Ordinal0 [0x008A0BA0+68512]
	Ordinal0 [0x0089D3A0+54176]
	Ordinal0 [0x008BD9F7+186871]
	Ordinal0 [0x008BD7FD+186365]
	Ordinal0 [0x008BB70B+177931]
	Ordinal0 [0x008A2584+75140]
	Ordinal0 [0x008A3650+79440]
	Ordinal0 [0x008A35E9+79337]
	Ordinal0 [0x00A4AD5C+1813852]
	GetHandleVerifier [0x00C6C616+1075574]
	GetHandleVerifier [0x00C6C367+1074887]
	GetHandleVerifier [0x00C77497+1120247]
	GetHandleVerifier [0x00C6CC16+1077110]
	Ordinal0 [0x00A43206+1782278]
	Ordinal0 [0x00A4C3BB+1819579]
	Ordinal0 [0x00A4C523+1819939]
	Ordinal0 [0x00A62B45+1911621]
	BaseThreadInitThunk [0x7723347D+18]
	RtlInitializeExceptionChain [0x779B9852+99]
	RtlInitializeExceptionChain [0x779B9825+54]
">
      <![CDATA[org.openqa.selenium.SessionNotCreatedException: session not created: This version of ChromeDriver only supports Chrome version 84
Build info: version: '3.141.59', revision: 'e82be7d358', time: '2018-11-14T08:17:03'
System info: host: 'AINH8CG7130CHN', ip: '192.168.1.9', os.name: 'Windows 7', os.arch: 'amd64', os.version: '6.1', java.version: '1.8.0_251'
Driver info: driver.version: ChromeDriver
remote stacktrace: Backtrace:
	Ordinal0 [0x00B487E3+2852835]
	Ordinal0 [0x00A35BB1+1727409]
	Ordinal0 [0x0090E4B9+517305]
	Ordinal0 [0x008A0BA0+68512]
	Ordinal0 [0x0089D3A0+54176]
	Ordinal0 [0x008BD9F7+186871]
	Ordinal0 [0x008BD7FD+186365]
	Ordinal0 [0x008BB70B+177931]
	Ordinal0 [0x008A2584+75140]
	Ordinal0 [0x008A3650+79440]
	Ordinal0 [0x008A35E9+79337]
	Ordinal0 [0x00A4AD5C+1813852]
	GetHandleVerifier [0x00C6C616+1075574]
	GetHandleVerifier [0x00C6C367+1074887]
	GetHandleVerifier [0x00C77497+1120247]
	GetHandleVerifier [0x00C6CC16+1077110]
	Ordinal0 [0x00A43206+1782278]
	Ordinal0 [0x00A4C3BB+1819579]
	Ordinal0 [0x00A4C523+1819939]
	Ordinal0 [0x00A62B45+1911621]
	BaseThreadInitThunk [0x7723347D+18]
	RtlInitializeExceptionChain [0x779B9852+99]
	RtlInitializeExceptionChain [0x779B9825+54]

	at org.openqa.selenium.remote.W3CHandshakeResponse.lambda$errorHandler$0(W3CHandshakeResponse.java:62)
	at org.openqa.selenium.remote.HandshakeResponse.lambda$getResponseFunction$0(HandshakeResponse.java:30)
	at org.openqa.selenium.remote.ProtocolHandshake.lambda$createSession$0(ProtocolHandshake.java:126)
	at java.util.stream.ReferencePipeline$3$1.accept(ReferencePipeline.java:193)
	at java.util.Spliterators$ArraySpliterator.tryAdvance(Spliterators.java:958)
	at java.util.stream.ReferencePipeline.forEachWithCancel(ReferencePipeline.java:126)
	at java.util.stream.AbstractPipeline.copyIntoWithCancel(AbstractPipeline.java:499)
	at java.util.stream.AbstractPipeline.copyInto(AbstractPipeline.java:486)
	at java.util.stream.AbstractPipeline.wrapAndCopyInto(AbstractPipeline.java:472)
	at java.util.stream.FindOps$FindOp.evaluateSequential(FindOps.java:152)
	at java.util.stream.AbstractPipeline.evaluate(AbstractPipeline.java:234)
	at java.util.stream.ReferencePipeline.findFirst(ReferencePipeline.java:464)
	at org.openqa.selenium.remote.ProtocolHandshake.createSession(ProtocolHandshake.java:128)
	at org.openqa.selenium.remote.ProtocolHandshake.createSession(ProtocolHandshake.java:74)
	at org.openqa.selenium.remote.HttpCommandExecutor.execute(HttpCommandExecutor.java:136)
	at org.openqa.selenium.remote.service.DriverCommandExecutor.execute(DriverCommandExecutor.java:83)
	at org.openqa.selenium.remote.RemoteWebDriver.execute(RemoteWebDriver.java:552)
	at org.openqa.selenium.remote.RemoteWebDriver.startSession(RemoteWebDriver.java:213)
	at org.openqa.selenium.remote.RemoteWebDriver.<init>(RemoteWebDriver.java:131)
	at org.openqa.selenium.chrome.ChromeDriver.<init>(ChromeDriver.java:181)
	at org.openqa.selenium.chrome.ChromeDriver.<init>(ChromeDriver.java:168)
	at org.openqa.selenium.chrome.ChromeDriver.<init>(ChromeDriver.java:123)
	at basePackage.InstantiateDrivers.initializeDrivers(InstantiateDrivers.java:37)
... Removed 31 stack frames]]>
    </failure>
  </testcase> <!-- @BeforeMethod initializeDrivers -->
  <testcase name="@AfterMethod closeBrowser" time="0.0" classname="ocs_TestCase.TC01_OCS_Search">
    <skipped/>
  </testcase> <!-- @AfterMethod closeBrowser -->
  <testcase name="add" time="0.012" classname="ocs_TestCase.TestCase001"/>
  <testcase name="sub" time="0.004" classname="ocs_TestCase.TestCase001"/>
  <testcase name="searchClient_NavigatetoClientDashboard" time="0.003" classname="ocs_TestCase.TC01_OCS_Search">
    <skipped/>
  </testcase> <!-- searchClient_NavigatetoClientDashboard -->
</testsuite> <!-- Test -->
