<?xml version="1.0" encoding="UTF-8"?>
<!-- Generated by org.testng.reporters.JUnitReportReporter -->
<testsuite skipped="1" hostname="AINH8CG7130CHN" name="ocs_TestCase.TC01_OCS_Search" tests="2" failures="0" timestamp="10 Feb 2021 11:17:21 GMT" time="0.003" errors="1">
  <testcase name="initializeDrivers" time="0.000" classname="ocs_TestCase.TC01_OCS_Search">
    <error type="org.openqa.selenium.SessionNotCreatedException" message="session not created: This version of ChromeDriver only supports Chrome version 84
Build info: version: &#039;3.141.59&#039;, revision: &#039;e82be7d358&#039;, time: &#039;2018-11-14T08:17:03&#039;
System info: host: &#039;AINH8CG7130CHN&#039;, ip: &#039;192.168.1.9&#039;, os.name: &#039;Windows 7&#039;, os.arch: &#039;amd64&#039;, os.version: &#039;6.1&#039;, java.version: &#039;1.8.0_251&#039;
Driver info: driver.version: ChromeDriver
remote stacktrace: Backtrace:
	Ordinal0 [0x00B487E3+2852835]
	Ordinal0 [0x00A35BB1+1727409]
	Ordinal0 [0x0090E4B9+517305]
	Ordinal0 [0x008A0BA0+68512]
	Ordinal0 [0x0089D3A0+54176]
	Ordinal0 [0x008BD9F7+186871]
	Ordinal0 [0x008BD7FD+186365]
	Ordinal0 [0x008BB70B+177931]
	Ordinal0 [0x008A2584+75140]
	Ordinal0 [0x008A3650+79440]
	Ordinal0 [0x008A35E9+79337]
	Ordinal0 [0x00A4AD5C+1813852]
	GetHandleVerifier [0x00C6C616+1075574]
	GetHandleVerifier [0x00C6C367+1074887]
	GetHandleVerifier [0x00C77497+1120247]
	GetHandleVerifier [0x00C6CC16+1077110]
	Ordinal0 [0x00A43206+1782278]
	Ordinal0 [0x00A4C3BB+1819579]
	Ordinal0 [0x00A4C523+1819939]
	Ordinal0 [0x00A62B45+1911621]
	BaseThreadInitThunk [0x7723347D+18]
	RtlInitializeExceptionChain [0x779B9852+99]
	RtlInitializeExceptionChain [0x779B9825+54]
">
      <![CDATA[org.openqa.selenium.SessionNotCreatedException: session not created: This version of ChromeDriver only supports Chrome version 84
Build info: version: '3.141.59', revision: 'e82be7d358', time: '2018-11-14T08:17:03'
System info: host: 'AINH8CG7130CHN', ip: '192.168.1.9', os.name: 'Windows 7', os.arch: 'amd64', os.version: '6.1', java.version: '1.8.0_251'
Driver info: driver.version: ChromeDriver
remote stacktrace: Backtrace:
	Ordinal0 [0x00B487E3+2852835]
	Ordinal0 [0x00A35BB1+1727409]
	Ordinal0 [0x0090E4B9+517305]
	Ordinal0 [0x008A0BA0+68512]
	Ordinal0 [0x0089D3A0+54176]
	Ordinal0 [0x008BD9F7+186871]
	Ordinal0 [0x008BD7FD+186365]
	Ordinal0 [0x008BB70B+177931]
	Ordinal0 [0x008A2584+75140]
	Ordinal0 [0x008A3650+79440]
	Ordinal0 [0x008A35E9+79337]
	Ordinal0 [0x00A4AD5C+1813852]
	GetHandleVerifier [0x00C6C616+1075574]
	GetHandleVerifier [0x00C6C367+1074887]
	GetHandleVerifier [0x00C77497+1120247]
	GetHandleVerifier [0x00C6CC16+1077110]
	Ordinal0 [0x00A43206+1782278]
	Ordinal0 [0x00A4C3BB+1819579]
	Ordinal0 [0x00A4C523+1819939]
	Ordinal0 [0x00A62B45+1911621]
	BaseThreadInitThunk [0x7723347D+18]
	RtlInitializeExceptionChain [0x779B9852+99]
	RtlInitializeExceptionChain [0x779B9825+54]

	at sun.reflect.NativeConstructorAccessorImpl.newInstance0(Native Method)
	at sun.reflect.NativeConstructorAccessorImpl.newInstance(NativeConstructorAccessorImpl.java:62)
	at sun.reflect.DelegatingConstructorAccessorImpl.newInstance(DelegatingConstructorAccessorImpl.java:45)
	at java.lang.reflect.Constructor.newInstance(Constructor.java:423)
	at org.openqa.selenium.remote.W3CHandshakeResponse.lambda$errorHandler$0(W3CHandshakeResponse.java:62)
	at org.openqa.selenium.remote.HandshakeResponse.lambda$getResponseFunction$0(HandshakeResponse.java:30)
	at org.openqa.selenium.remote.ProtocolHandshake.lambda$createSession$0(ProtocolHandshake.java:126)
	at java.util.stream.ReferencePipeline$3$1.accept(ReferencePipeline.java:193)
	at java.util.Spliterators$ArraySpliterator.tryAdvance(Spliterators.java:958)
	at java.util.stream.ReferencePipeline.forEachWithCancel(ReferencePipeline.java:126)
	at java.util.stream.AbstractPipeline.copyIntoWithCancel(AbstractPipeline.java:499)
	at java.util.stream.AbstractPipeline.copyInto(AbstractPipeline.java:486)
	at java.util.stream.AbstractPipeline.wrapAndCopyInto(AbstractPipeline.java:472)
	at java.util.stream.FindOps$FindOp.evaluateSequential(FindOps.java:152)
	at java.util.stream.AbstractPipeline.evaluate(AbstractPipeline.java:234)
	at java.util.stream.ReferencePipeline.findFirst(ReferencePipeline.java:464)
	at org.openqa.selenium.remote.ProtocolHandshake.createSession(ProtocolHandshake.java:128)
	at org.openqa.selenium.remote.ProtocolHandshake.createSession(ProtocolHandshake.java:74)
	at org.openqa.selenium.remote.HttpCommandExecutor.execute(HttpCommandExecutor.java:136)
	at org.openqa.selenium.remote.service.DriverCommandExecutor.execute(DriverCommandExecutor.java:83)
	at org.openqa.selenium.remote.RemoteWebDriver.execute(RemoteWebDriver.java:552)
	at org.openqa.selenium.remote.RemoteWebDriver.startSession(RemoteWebDriver.java:213)
	at org.openqa.selenium.remote.RemoteWebDriver.<init>(RemoteWebDriver.java:131)
	at org.openqa.selenium.chrome.ChromeDriver.<init>(ChromeDriver.java:181)
	at org.openqa.selenium.chrome.ChromeDriver.<init>(ChromeDriver.java:168)
	at org.openqa.selenium.chrome.ChromeDriver.<init>(ChromeDriver.java:123)
	at basePackage.InstantiateDrivers.initializeDrivers(InstantiateDrivers.java:37)
	at sun.reflect.NativeMethodAccessorImpl.invoke0(Native Method)
	at sun.reflect.NativeMethodAccessorImpl.invoke(NativeMethodAccessorImpl.java:62)
	at sun.reflect.DelegatingMethodAccessorImpl.invoke(DelegatingMethodAccessorImpl.java:43)
	at java.lang.reflect.Method.invoke(Method.java:498)
	at org.testng.internal.MethodInvocationHelper.invokeMethod(MethodInvocationHelper.java:100)
	at org.testng.internal.Invoker.invokeConfigurationMethod(Invoker.java:515)
	at org.testng.internal.Invoker.invokeConfigurations(Invoker.java:216)
	at org.testng.internal.Invoker.invokeMethod(Invoker.java:590)
	at org.testng.internal.Invoker.invokeTestMethod(Invoker.java:811)
	at org.testng.internal.Invoker.invokeTestMethods(Invoker.java:1137)
	at org.testng.internal.TestMethodWorker.invokeTestMethods(TestMethodWorker.java:129)
	at org.testng.internal.TestMethodWorker.run(TestMethodWorker.java:112)
	at org.testng.TestRunner.privateRun(TestRunner.java:753)
	at org.testng.TestRunner.run(TestRunner.java:607)
	at org.testng.SuiteRunner.runTest(SuiteRunner.java:368)
	at org.testng.SuiteRunner.runSequentially(SuiteRunner.java:363)
	at org.testng.SuiteRunner.privateRun(SuiteRunner.java:321)
	at org.testng.SuiteRunner.run(SuiteRunner.java:270)
	at org.testng.SuiteRunnerWorker.runSuite(SuiteRunnerWorker.java:52)
	at org.testng.SuiteRunnerWorker.run(SuiteRunnerWorker.java:86)
	at org.testng.TestNG.runSuitesSequentially(TestNG.java:1284)
	at org.testng.TestNG.runSuitesLocally(TestNG.java:1209)
	at org.testng.TestNG.runSuites(TestNG.java:1124)
	at org.testng.TestNG.run(TestNG.java:1096)
	at org.testng.remote.AbstractRemoteTestNG.run(AbstractRemoteTestNG.java:132)
	at org.testng.remote.RemoteTestNG.initAndRun(RemoteTestNG.java:236)
	at org.testng.remote.RemoteTestNG.main(RemoteTestNG.java:81)
]]>
    </error>
  </testcase> <!-- initializeDrivers -->
  <testcase name="searchClient_NavigatetoClientDashboard" time="0.003" classname="ocs_TestCase.TC01_OCS_Search">
    <skipped/>
  </testcase> <!-- searchClient_NavigatetoClientDashboard -->
</testsuite> <!-- ocs_TestCase.TC01_OCS_Search -->
